#
# There is insufficient memory for the Java Runtime Environment to continue.
# Native memory allocation (malloc) failed to allocate 65552 bytes for Chunk::new
# Possible reasons:
#   The system is out of physical RAM or swap space
#   The process is running with CompressedOops enabled, and the Java Heap may be blocking the growth of the native heap
# Possible solutions:
#   Reduce memory load on the system
#   Increase physical memory or swap space
#   Check if swap backing store is full
#   Decrease Java heap size (-Xmx/-Xms)
#   Decrease number of Java threads
#   Decrease Java thread stack sizes (-Xss)
#   Set larger code cache with -XX:ReservedCodeCacheSize=
#   JVM is running with Unscaled Compressed Oops mode in which the Java heap is
#     placed in the first 4GB address space. The Java Heap base address is the
#     maximum limit for the native heap growth. Please use -XX:HeapBaseMinAddress
#     to set the Java Heap base and to place the Java Heap above 4GB virtual address.
# This output file may be truncated or incomplete.
#
#  Out of Memory Error (./src/hotspot/share/memory/arena.cpp:197), pid=6324, tid=5152
#
# JRE version: OpenJDK Runtime Environment 18.9 (11.0.14+9) (build 11.0.14+9-LTS)
# Java VM: OpenJDK 64-Bit Server VM 18.9 (11.0.14+9-LTS, mixed mode, tiered, compressed oops, g1 gc, windows-amd64)
# No core dump will be written. Minidumps are not enabled by default on client versions of Windows
#

---------------  S U M M A R Y ------------

Command Line: tiktoktac

Host: Intel(R) Core(TM) i5-3470S CPU @ 2.90GHz, 4 cores, 7G,  Windows 10 , 64 bit Build 18362 (10.0.18362.1500)
Time: Wed Sep  6 10:52:38 2023 Mitteleuropäische Sommerzeit elapsed time: 0.305253 seconds (0d 0h 0m 0s)

---------------  T H R E A D  ---------------

Current thread (0x000002e57b31a000):  JavaThread "C2 CompilerThread1" daemon [_thread_in_native, id=5152, stack(0x000000eb89700000,0x000000eb89800000)]


Current CompileTask:
C2:    305  518       4       jdk.internal.org.objectweb.asm.Frame::execute (2264 bytes)

Stack: [0x000000eb89700000,0x000000eb89800000]
Native frames: (J=compiled Java code, j=interpreted, Vv=VM code, C=native code)
V  [jvm.dll+0x61e57a]
V  [jvm.dll+0x7aac49]
V  [jvm.dll+0x7ac338]
V  [jvm.dll+0x7aca13]
V  [jvm.dll+0x24f9b8]
V  [jvm.dll+0xc260c]
V  [jvm.dll+0xc2bcc]
V  [jvm.dll+0xc271b]
V  [jvm.dll+0x5fc13f]
V  [jvm.dll+0x894a3]
V  [jvm.dll+0x64c6ae]
V  [jvm.dll+0x33524f]
V  [jvm.dll+0x33db1f]
V  [jvm.dll+0x636529]
V  [jvm.dll+0x636a22]
V  [jvm.dll+0x639783]
V  [jvm.dll+0x63352f]
V  [jvm.dll+0x632bbb]
V  [jvm.dll+0x630a75]
V  [jvm.dll+0x18cc7c]
V  [jvm.dll+0x2c0886]
V  [jvm.dll+0x63b778]
V  [jvm.dll+0x63352f]
V  [jvm.dll+0x632bbb]
V  [jvm.dll+0x630a75]
V  [jvm.dll+0x18cc7c]
V  [jvm.dll+0x2c0886]
V  [jvm.dll+0x63b778]
V  [jvm.dll+0x63352f]
V  [jvm.dll+0x632bbb]
V  [jvm.dll+0x630a75]
V  [jvm.dll+0x18cc7c]
V  [jvm.dll+0x207a78]
V  [jvm.dll+0x18a2c1]
V  [jvm.dll+0x217734]
V  [jvm.dll+0x21597b]
V  [jvm.dll+0x76d7a0]
V  [jvm.dll+0x766704]
V  [jvm.dll+0x61d3d6]
C  [ucrtbase.dll+0x210b2]
C  [KERNEL32.DLL+0x17c24]
C  [ntdll.dll+0x6d721]


---------------  P R O C E S S  ---------------

Threads class SMR info:
_java_thread_list=0x000002e57b7b3670, length=14, elements={
0x000002e5692bc800, 0x000002e57a957000, 0x000002e57a960800, 0x000002e57a974800,
0x000002e57a976800, 0x000002e57a977800, 0x000002e57a97f800, 0x000002e57b317000,
0x000002e57a98a800, 0x000002e57b487000, 0x000002e57b796800, 0x000002e57b797000,
0x000002e57b7c0800, 0x000002e57b31a000
}

Java Threads: ( => current thread )
  0x000002e5692bc800 JavaThread "main" [_thread_in_vm, id=7440, stack(0x000000eb88300000,0x000000eb88400000)]
  0x000002e57a957000 JavaThread "Reference Handler" daemon [_thread_blocked, id=3552, stack(0x000000eb88a00000,0x000000eb88b00000)]
  0x000002e57a960800 JavaThread "Finalizer" daemon [_thread_blocked, id=5044, stack(0x000000eb88b00000,0x000000eb88c00000)]
  0x000002e57a974800 JavaThread "Signal Dispatcher" daemon [_thread_blocked, id=1420, stack(0x000000eb88c00000,0x000000eb88d00000)]
  0x000002e57a976800 JavaThread "Attach Listener" daemon [_thread_blocked, id=5632, stack(0x000000eb88d00000,0x000000eb88e00000)]
  0x000002e57a977800 JavaThread "Service Thread" daemon [_thread_blocked, id=7016, stack(0x000000eb88e00000,0x000000eb88f00000)]
  0x000002e57a97f800 JavaThread "C2 CompilerThread0" daemon [_thread_in_native, id=8896, stack(0x000000eb88f00000,0x000000eb89000000)]
  0x000002e57b317000 JavaThread "C1 CompilerThread0" daemon [_thread_blocked, id=7220, stack(0x000000eb89000000,0x000000eb89100000)]
  0x000002e57a98a800 JavaThread "Sweeper thread" daemon [_thread_blocked, id=5724, stack(0x000000eb89100000,0x000000eb89200000)]
  0x000002e57b487000 JavaThread "Common-Cleaner" daemon [_thread_blocked, id=1400, stack(0x000000eb89300000,0x000000eb89400000)]
  0x000002e57b796800 JavaThread "Java2D Disposer" daemon [_thread_blocked, id=5664, stack(0x000000eb89400000,0x000000eb89500000)]
  0x000002e57b797000 JavaThread "AWT-Shutdown" [_thread_blocked, id=7236, stack(0x000000eb89500000,0x000000eb89600000)]
  0x000002e57b7c0800 JavaThread "AWT-Windows" daemon [_thread_in_native, id=500, stack(0x000000eb89600000,0x000000eb89700000)]
=>0x000002e57b31a000 JavaThread "C2 CompilerThread1" daemon [_thread_in_native, id=5152, stack(0x000000eb89700000,0x000000eb89800000)]

Other Threads:
  0x000002e57a930800 VMThread "VM Thread" [stack: 0x000000eb88900000,0x000000eb88a00000] [id=7872]
  0x000002e57b46f000 WatcherThread [stack: 0x000000eb89200000,0x000000eb89300000] [id=1968]
  0x000002e5692d5800 GCTaskThread "GC Thread#0" [stack: 0x000000eb88400000,0x000000eb88500000] [id=220]
  0x000002e57b947000 GCTaskThread "GC Thread#1" [stack: 0x000000eb89800000,0x000000eb89900000] [id=8120]
  0x000002e57b946000 GCTaskThread "GC Thread#2" [stack: 0x000000eb89900000,0x000000eb89a00000] [id=7300]
  0x000002e57b94a000 GCTaskThread "GC Thread#3" [stack: 0x000000eb89a00000,0x000000eb89b00000] [id=7348]
  0x000002e569305800 ConcurrentGCThread "G1 Main Marker" [stack: 0x000000eb88500000,0x000000eb88600000] [id=3888]
  0x000002e569308000 ConcurrentGCThread "G1 Conc#0" [stack: 0x000000eb88600000,0x000000eb88700000] [id=2940]
  0x000002e57a7a0800 ConcurrentGCThread "G1 Refine#0" [stack: 0x000000eb88700000,0x000000eb88800000] [id=3864]
  0x000002e57a7a1800 ConcurrentGCThread "G1 Young RemSet Sampling" [stack: 0x000000eb88800000,0x000000eb88900000] [id=2944]

Threads with active compile tasks:
C2 CompilerThread0    345  477       4       java.lang.invoke.LambdaForm$Name::replaceNames (174 bytes)
C2 CompilerThread1    345  518       4       jdk.internal.org.objectweb.asm.Frame::execute (2264 bytes)

VM state:not at safepoint (normal execution)

VM Mutex/Monitor currently owned by a thread: None

Heap address: 0x0000000081c00000, size: 2020 MB, Compressed Oops mode: 32-bit
Narrow klass base: 0x0000000000000000, Narrow klass shift: 3
Compressed class space size: 1073741824 Address: 0x0000000100000000

Heap:
 garbage-first heap   total 131072K, used 1333K [0x0000000081c00000, 0x0000000100000000)
  region size 1024K, 3 young (3072K), 2 survivors (2048K)
 Metaspace       used 9322K, capacity 9602K, committed 9856K, reserved 1067008K
  class space    used 912K, capacity 1086K, committed 1152K, reserved 1048576K
Heap Regions: E=young(eden), S=young(survivor), O=old, HS=humongous(starts), HC=humongous(continues), CS=collection set, F=free, A=archive, TAMS=top-at-mark-start (previous, next)
|   0|0x0000000081c00000, 0x0000000081c00000, 0x0000000081d00000|  0%| F|  |TAMS 0x0000000081c00000, 0x0000000081c00000| Untracked 
|   1|0x0000000081d00000, 0x0000000081d00000, 0x0000000081e00000|  0%| F|  |TAMS 0x0000000081d00000, 0x0000000081d00000| Untracked 
|   2|0x0000000081e00000, 0x0000000081e00000, 0x0000000081f00000|  0%| F|  |TAMS 0x0000000081e00000, 0x0000000081e00000| Untracked 
|   3|0x0000000081f00000, 0x0000000081f00000, 0x0000000082000000|  0%| F|  |TAMS 0x0000000081f00000, 0x0000000081f00000| Untracked 
|   4|0x0000000082000000, 0x0000000082000000, 0x0000000082100000|  0%| F|  |TAMS 0x0000000082000000, 0x0000000082000000| Untracked 
|   5|0x0000000082100000, 0x0000000082100000, 0x0000000082200000|  0%| F|  |TAMS 0x0000000082100000, 0x0000000082100000| Untracked 
|   6|0x0000000082200000, 0x0000000082200000, 0x0000000082300000|  0%| F|  |TAMS 0x0000000082200000, 0x0000000082200000| Untracked 
|   7|0x0000000082300000, 0x0000000082300000, 0x0000000082400000|  0%| F|  |TAMS 0x0000000082300000, 0x0000000082300000| Untracked 
|   8|0x0000000082400000, 0x0000000082400000, 0x0000000082500000|  0%| F|  |TAMS 0x0000000082400000, 0x0000000082400000| Untracked 
|   9|0x0000000082500000, 0x0000000082500000, 0x0000000082600000|  0%| F|  |TAMS 0x0000000082500000, 0x0000000082500000| Untracked 
|  10|0x0000000082600000, 0x0000000082600000, 0x0000000082700000|  0%| F|  |TAMS 0x0000000082600000, 0x0000000082600000| Untracked 
|  11|0x0000000082700000, 0x0000000082700000, 0x0000000082800000|  0%| F|  |TAMS 0x0000000082700000, 0x0000000082700000| Untracked 
|  12|0x0000000082800000, 0x0000000082800000, 0x0000000082900000|  0%| F|  |TAMS 0x0000000082800000, 0x0000000082800000| Untracked 
|  13|0x0000000082900000, 0x0000000082900000, 0x0000000082a00000|  0%| F|  |TAMS 0x0000000082900000, 0x0000000082900000| Untracked 
|  14|0x0000000082a00000, 0x0000000082a00000, 0x0000000082b00000|  0%| F|  |TAMS 0x0000000082a00000, 0x0000000082a00000| Untracked 
|  15|0x0000000082b00000, 0x0000000082b00000, 0x0000000082c00000|  0%| F|  |TAMS 0x0000000082b00000, 0x0000000082b00000| Untracked 
|  16|0x0000000082c00000, 0x0000000082c00000, 0x0000000082d00000|  0%| F|  |TAMS 0x0000000082c00000, 0x0000000082c00000| Untracked 
|  17|0x0000000082d00000, 0x0000000082d00000, 0x0000000082e00000|  0%| F|  |TAMS 0x0000000082d00000, 0x0000000082d00000| Untracked 
|  18|0x0000000082e00000, 0x0000000082e00000, 0x0000000082f00000|  0%| F|  |TAMS 0x0000000082e00000, 0x0000000082e00000| Untracked 
|  19|0x0000000082f00000, 0x0000000082f00000, 0x0000000083000000|  0%| F|  |TAMS 0x0000000082f00000, 0x0000000082f00000| Untracked 
|  20|0x0000000083000000, 0x0000000083000000, 0x0000000083100000|  0%| F|  |TAMS 0x0000000083000000, 0x0000000083000000| Untracked 
|  21|0x0000000083100000, 0x0000000083100000, 0x0000000083200000|  0%| F|  |TAMS 0x0000000083100000, 0x0000000083100000| Untracked 
|  22|0x0000000083200000, 0x0000000083200000, 0x0000000083300000|  0%| F|  |TAMS 0x0000000083200000, 0x0000000083200000| Untracked 
|  23|0x0000000083300000, 0x0000000083300000, 0x0000000083400000|  0%| F|  |TAMS 0x0000000083300000, 0x0000000083300000| Untracked 
|  24|0x0000000083400000, 0x0000000083400000, 0x0000000083500000|  0%| F|  |TAMS 0x0000000083400000, 0x0000000083400000| Untracked 
|  25|0x0000000083500000, 0x0000000083500000, 0x0000000083600000|  0%| F|  |TAMS 0x0000000083500000, 0x0000000083500000| Untracked 
|  26|0x0000000083600000, 0x0000000083600000, 0x0000000083700000|  0%| F|  |TAMS 0x0000000083600000, 0x0000000083600000| Untracked 
|  27|0x0000000083700000, 0x0000000083700000, 0x0000000083800000|  0%| F|  |TAMS 0x0000000083700000, 0x0000000083700000| Untracked 
|  28|0x0000000083800000, 0x0000000083800000, 0x0000000083900000|  0%| F|  |TAMS 0x0000000083800000, 0x0000000083800000| Untracked 
|  29|0x0000000083900000, 0x0000000083900000, 0x0000000083a00000|  0%| F|  |TAMS 0x0000000083900000, 0x0000000083900000| Untracked 
|  30|0x0000000083a00000, 0x0000000083a00000, 0x0000000083b00000|  0%| F|  |TAMS 0x0000000083a00000, 0x0000000083a00000| Untracked 
|  31|0x0000000083b00000, 0x0000000083b00000, 0x0000000083c00000|  0%| F|  |TAMS 0x0000000083b00000, 0x0000000083b00000| Untracked 
|  32|0x0000000083c00000, 0x0000000083c00000, 0x0000000083d00000|  0%| F|  |TAMS 0x0000000083c00000, 0x0000000083c00000| Untracked 
|  33|0x0000000083d00000, 0x0000000083d00000, 0x0000000083e00000|  0%| F|  |TAMS 0x0000000083d00000, 0x0000000083d00000| Untracked 
|  34|0x0000000083e00000, 0x0000000083e00000, 0x0000000083f00000|  0%| F|  |TAMS 0x0000000083e00000, 0x0000000083e00000| Untracked 
|  35|0x0000000083f00000, 0x0000000083f00000, 0x0000000084000000|  0%| F|  |TAMS 0x0000000083f00000, 0x0000000083f00000| Untracked 
|  36|0x0000000084000000, 0x0000000084000000, 0x0000000084100000|  0%| F|  |TAMS 0x0000000084000000, 0x0000000084000000| Untracked 
|  37|0x0000000084100000, 0x0000000084100000, 0x0000000084200000|  0%| F|  |TAMS 0x0000000084100000, 0x0000000084100000| Untracked 
|  38|0x0000000084200000, 0x0000000084200000, 0x0000000084300000|  0%| F|  |TAMS 0x0000000084200000, 0x0000000084200000| Untracked 
|  39|0x0000000084300000, 0x0000000084300000, 0x0000000084400000|  0%| F|  |TAMS 0x0000000084300000, 0x0000000084300000| Untracked 
|  40|0x0000000084400000, 0x0000000084400000, 0x0000000084500000|  0%| F|  |TAMS 0x0000000084400000, 0x0000000084400000| Untracked 
|  41|0x0000000084500000, 0x0000000084500000, 0x0000000084600000|  0%| F|  |TAMS 0x0000000084500000, 0x0000000084500000| Untracked 
|  42|0x0000000084600000, 0x0000000084600000, 0x0000000084700000|  0%| F|  |TAMS 0x0000000084600000, 0x0000000084600000| Untracked 
|  43|0x0000000084700000, 0x0000000084700000, 0x0000000084800000|  0%| F|  |TAMS 0x0000000084700000, 0x0000000084700000| Untracked 
|  44|0x0000000084800000, 0x0000000084800000, 0x0000000084900000|  0%| F|  |TAMS 0x0000000084800000, 0x0000000084800000| Untracked 
|  45|0x0000000084900000, 0x0000000084900000, 0x0000000084a00000|  0%| F|  |TAMS 0x0000000084900000, 0x0000000084900000| Untracked 
|  46|0x0000000084a00000, 0x0000000084a00000, 0x0000000084b00000|  0%| F|  |TAMS 0x0000000084a00000, 0x0000000084a00000| Untracked 
|  47|0x0000000084b00000, 0x0000000084b00000, 0x0000000084c00000|  0%| F|  |TAMS 0x0000000084b00000, 0x0000000084b00000| Untracked 
|  48|0x0000000084c00000, 0x0000000084c00000, 0x0000000084d00000|  0%| F|  |TAMS 0x0000000084c00000, 0x0000000084c00000| Untracked 
|  49|0x0000000084d00000, 0x0000000084d00000, 0x0000000084e00000|  0%| F|  |TAMS 0x0000000084d00000, 0x0000000084d00000| Untracked 
|  50|0x0000000084e00000, 0x0000000084e00000, 0x0000000084f00000|  0%| F|  |TAMS 0x0000000084e00000, 0x0000000084e00000| Untracked 
|  51|0x0000000084f00000, 0x0000000084f00000, 0x0000000085000000|  0%| F|  |TAMS 0x0000000084f00000, 0x0000000084f00000| Untracked 
|  52|0x0000000085000000, 0x0000000085000000, 0x0000000085100000|  0%| F|  |TAMS 0x0000000085000000, 0x0000000085000000| Untracked 
|  53|0x0000000085100000, 0x0000000085100000, 0x0000000085200000|  0%| F|  |TAMS 0x0000000085100000, 0x0000000085100000| Untracked 
|  54|0x0000000085200000, 0x0000000085200000, 0x0000000085300000|  0%| F|  |TAMS 0x0000000085200000, 0x0000000085200000| Untracked 
|  55|0x0000000085300000, 0x0000000085300000, 0x0000000085400000|  0%| F|  |TAMS 0x0000000085300000, 0x0000000085300000| Untracked 
|  56|0x0000000085400000, 0x0000000085400000, 0x0000000085500000|  0%| F|  |TAMS 0x0000000085400000, 0x0000000085400000| Untracked 
|  57|0x0000000085500000, 0x0000000085500000, 0x0000000085600000|  0%| F|  |TAMS 0x0000000085500000, 0x0000000085500000| Untracked 
|  58|0x0000000085600000, 0x0000000085600000, 0x0000000085700000|  0%| F|  |TAMS 0x0000000085600000, 0x0000000085600000| Untracked 
|  59|0x0000000085700000, 0x0000000085700000, 0x0000000085800000|  0%| F|  |TAMS 0x0000000085700000, 0x0000000085700000| Untracked 
|  60|0x0000000085800000, 0x0000000085800000, 0x0000000085900000|  0%| F|  |TAMS 0x0000000085800000, 0x0000000085800000| Untracked 
|  61|0x0000000085900000, 0x0000000085900000, 0x0000000085a00000|  0%| F|  |TAMS 0x0000000085900000, 0x0000000085900000| Untracked 
|  62|0x0000000085a00000, 0x0000000085a00000, 0x0000000085b00000|  0%| F|  |TAMS 0x0000000085a00000, 0x0000000085a00000| Untracked 
|  63|0x0000000085b00000, 0x0000000085b00000, 0x0000000085c00000|  0%| F|  |TAMS 0x0000000085b00000, 0x0000000085b00000| Untracked 
|  64|0x0000000085c00000, 0x0000000085c00000, 0x0000000085d00000|  0%| F|  |TAMS 0x0000000085c00000, 0x0000000085c00000| Untracked 
|  65|0x0000000085d00000, 0x0000000085d00000, 0x0000000085e00000|  0%| F|  |TAMS 0x0000000085d00000, 0x0000000085d00000| Untracked 
|  66|0x0000000085e00000, 0x0000000085e00000, 0x0000000085f00000|  0%| F|  |TAMS 0x0000000085e00000, 0x0000000085e00000| Untracked 
|  67|0x0000000085f00000, 0x0000000085f00000, 0x0000000086000000|  0%| F|  |TAMS 0x0000000085f00000, 0x0000000085f00000| Untracked 
|  68|0x0000000086000000, 0x0000000086000000, 0x0000000086100000|  0%| F|  |TAMS 0x0000000086000000, 0x0000000086000000| Untracked 
|  69|0x0000000086100000, 0x0000000086100000, 0x0000000086200000|  0%| F|  |TAMS 0x0000000086100000, 0x0000000086100000| Untracked 
|  70|0x0000000086200000, 0x0000000086200000, 0x0000000086300000|  0%| F|  |TAMS 0x0000000086200000, 0x0000000086200000| Untracked 
|  71|0x0000000086300000, 0x0000000086300000, 0x0000000086400000|  0%| F|  |TAMS 0x0000000086300000, 0x0000000086300000| Untracked 
|  72|0x0000000086400000, 0x0000000086400000, 0x0000000086500000|  0%| F|  |TAMS 0x0000000086400000, 0x0000000086400000| Untracked 
|  73|0x0000000086500000, 0x0000000086500000, 0x0000000086600000|  0%| F|  |TAMS 0x0000000086500000, 0x0000000086500000| Untracked 
|  74|0x0000000086600000, 0x0000000086600000, 0x0000000086700000|  0%| F|  |TAMS 0x0000000086600000, 0x0000000086600000| Untracked 
|  75|0x0000000086700000, 0x0000000086700000, 0x0000000086800000|  0%| F|  |TAMS 0x0000000086700000, 0x0000000086700000| Untracked 
|  76|0x0000000086800000, 0x0000000086800000, 0x0000000086900000|  0%| F|  |TAMS 0x0000000086800000, 0x0000000086800000| Untracked 
|  77|0x0000000086900000, 0x0000000086900000, 0x0000000086a00000|  0%| F|  |TAMS 0x0000000086900000, 0x0000000086900000| Untracked 
|  78|0x0000000086a00000, 0x0000000086a00000, 0x0000000086b00000|  0%| F|  |TAMS 0x0000000086a00000, 0x0000000086a00000| Untracked 
|  79|0x0000000086b00000, 0x0000000086b00000, 0x0000000086c00000|  0%| F|  |TAMS 0x0000000086b00000, 0x0000000086b00000| Untracked 
|  80|0x0000000086c00000, 0x0000000086c00000, 0x0000000086d00000|  0%| F|  |TAMS 0x0000000086c00000, 0x0000000086c00000| Untracked 
|  81|0x0000000086d00000, 0x0000000086d00000, 0x0000000086e00000|  0%| F|  |TAMS 0x0000000086d00000, 0x0000000086d00000| Untracked 
|  82|0x0000000086e00000, 0x0000000086e00000, 0x0000000086f00000|  0%| F|  |TAMS 0x0000000086e00000, 0x0000000086e00000| Untracked 
|  83|0x0000000086f00000, 0x0000000086f00000, 0x0000000087000000|  0%| F|  |TAMS 0x0000000086f00000, 0x0000000086f00000| Untracked 
|  84|0x0000000087000000, 0x0000000087000000, 0x0000000087100000|  0%| F|  |TAMS 0x0000000087000000, 0x0000000087000000| Untracked 
|  85|0x0000000087100000, 0x0000000087100000, 0x0000000087200000|  0%| F|  |TAMS 0x0000000087100000, 0x0000000087100000| Untracked 
|  86|0x0000000087200000, 0x0000000087200000, 0x0000000087300000|  0%| F|  |TAMS 0x0000000087200000, 0x0000000087200000| Untracked 
|  87|0x0000000087300000, 0x0000000087300000, 0x0000000087400000|  0%| F|  |TAMS 0x0000000087300000, 0x0000000087300000| Untracked 
|  88|0x0000000087400000, 0x0000000087400000, 0x0000000087500000|  0%| F|  |TAMS 0x0000000087400000, 0x0000000087400000| Untracked 
|  89|0x0000000087500000, 0x0000000087500000, 0x0000000087600000|  0%| F|  |TAMS 0x0000000087500000, 0x0000000087500000| Untracked 
|  90|0x0000000087600000, 0x0000000087600000, 0x0000000087700000|  0%| F|  |TAMS 0x0000000087600000, 0x0000000087600000| Untracked 
|  91|0x0000000087700000, 0x0000000087700000, 0x0000000087800000|  0%| F|  |TAMS 0x0000000087700000, 0x0000000087700000| Untracked 
|  92|0x0000000087800000, 0x0000000087800000, 0x0000000087900000|  0%| F|  |TAMS 0x0000000087800000, 0x0000000087800000| Untracked 
|  93|0x0000000087900000, 0x0000000087900000, 0x0000000087a00000|  0%| F|  |TAMS 0x0000000087900000, 0x0000000087900000| Untracked 
|  94|0x0000000087a00000, 0x0000000087a00000, 0x0000000087b00000|  0%| F|  |TAMS 0x0000000087a00000, 0x0000000087a00000| Untracked 
|  95|0x0000000087b00000, 0x0000000087b00000, 0x0000000087c00000|  0%| F|  |TAMS 0x0000000087b00000, 0x0000000087b00000| Untracked 
|  96|0x0000000087c00000, 0x0000000087c00000, 0x0000000087d00000|  0%| F|  |TAMS 0x0000000087c00000, 0x0000000087c00000| Untracked 
|  97|0x0000000087d00000, 0x0000000087d00000, 0x0000000087e00000|  0%| F|  |TAMS 0x0000000087d00000, 0x0000000087d00000| Untracked 
|  98|0x0000000087e00000, 0x0000000087e00000, 0x0000000087f00000|  0%| F|  |TAMS 0x0000000087e00000, 0x0000000087e00000| Untracked 
|  99|0x0000000087f00000, 0x0000000087f00000, 0x0000000088000000|  0%| F|  |TAMS 0x0000000087f00000, 0x0000000087f00000| Untracked 
| 100|0x0000000088000000, 0x0000000088000000, 0x0000000088100000|  0%| F|  |TAMS 0x0000000088000000, 0x0000000088000000| Untracked 
| 101|0x0000000088100000, 0x0000000088100000, 0x0000000088200000|  0%| F|  |TAMS 0x0000000088100000, 0x0000000088100000| Untracked 
| 102|0x0000000088200000, 0x0000000088200000, 0x0000000088300000|  0%| F|  |TAMS 0x0000000088200000, 0x0000000088200000| Untracked 
| 103|0x0000000088300000, 0x0000000088300000, 0x0000000088400000|  0%| F|  |TAMS 0x0000000088300000, 0x0000000088300000| Untracked 
| 104|0x0000000088400000, 0x0000000088400000, 0x0000000088500000|  0%| F|  |TAMS 0x0000000088400000, 0x0000000088400000| Untracked 
| 105|0x0000000088500000, 0x0000000088500000, 0x0000000088600000|  0%| F|  |TAMS 0x0000000088500000, 0x0000000088500000| Untracked 
| 106|0x0000000088600000, 0x0000000088600000, 0x0000000088700000|  0%| F|  |TAMS 0x0000000088600000, 0x0000000088600000| Untracked 
| 107|0x0000000088700000, 0x0000000088700000, 0x0000000088800000|  0%| F|  |TAMS 0x0000000088700000, 0x0000000088700000| Untracked 
| 108|0x0000000088800000, 0x0000000088800000, 0x0000000088900000|  0%| F|  |TAMS 0x0000000088800000, 0x0000000088800000| Untracked 
| 109|0x0000000088900000, 0x0000000088900000, 0x0000000088a00000|  0%| F|  |TAMS 0x0000000088900000, 0x0000000088900000| Untracked 
| 110|0x0000000088a00000, 0x0000000088a00000, 0x0000000088b00000|  0%| F|  |TAMS 0x0000000088a00000, 0x0000000088a00000| Untracked 
| 111|0x0000000088b00000, 0x0000000088b00000, 0x0000000088c00000|  0%| F|  |TAMS 0x0000000088b00000, 0x0000000088b00000| Untracked 
| 112|0x0000000088c00000, 0x0000000088c00000, 0x0000000088d00000|  0%| F|  |TAMS 0x0000000088c00000, 0x0000000088c00000| Untracked 
| 113|0x0000000088d00000, 0x0000000088d00000, 0x0000000088e00000|  0%| F|  |TAMS 0x0000000088d00000, 0x0000000088d00000| Untracked 
| 114|0x0000000088e00000, 0x0000000088e00000, 0x0000000088f00000|  0%| F|  |TAMS 0x0000000088e00000, 0x0000000088e00000| Untracked 
| 115|0x0000000088f00000, 0x0000000088f00000, 0x0000000089000000|  0%| F|  |TAMS 0x0000000088f00000, 0x0000000088f00000| Untracked 
| 116|0x0000000089000000, 0x0000000089000000, 0x0000000089100000|  0%| F|  |TAMS 0x0000000089000000, 0x0000000089000000| Untracked 
| 117|0x0000000089100000, 0x0000000089100000, 0x0000000089200000|  0%| F|  |TAMS 0x0000000089100000, 0x0000000089100000| Untracked 
| 118|0x0000000089200000, 0x0000000089200000, 0x0000000089300000|  0%| F|  |TAMS 0x0000000089200000, 0x0000000089200000| Untracked 
| 119|0x0000000089300000, 0x0000000089300000, 0x0000000089400000|  0%| F|  |TAMS 0x0000000089300000, 0x0000000089300000| Untracked 
| 120|0x0000000089400000, 0x000000008944d4d8, 0x0000000089500000| 30%| S|CS|TAMS 0x0000000089400000, 0x0000000089400000| Complete 
| 121|0x0000000089500000, 0x0000000089600000, 0x0000000089600000|100%| S|CS|TAMS 0x0000000089500000, 0x0000000089500000| Complete 
| 122|0x0000000089600000, 0x0000000089600000, 0x0000000089700000|  0%| F|  |TAMS 0x0000000089600000, 0x0000000089600000| Untracked 
| 123|0x0000000089700000, 0x0000000089700000, 0x0000000089800000|  0%| F|  |TAMS 0x0000000089700000, 0x0000000089700000| Untracked 
| 124|0x0000000089800000, 0x0000000089800000, 0x0000000089900000|  0%| F|  |TAMS 0x0000000089800000, 0x0000000089800000| Untracked 
| 125|0x0000000089900000, 0x0000000089900000, 0x0000000089a00000|  0%| F|  |TAMS 0x0000000089900000, 0x0000000089900000| Untracked 
| 126|0x0000000089a00000, 0x0000000089a00000, 0x0000000089b00000|  0%| F|  |TAMS 0x0000000089a00000, 0x0000000089a00000| Untracked 
| 127|0x0000000089b00000, 0x0000000089c00000, 0x0000000089c00000|100%| E|  |TAMS 0x0000000089b00000, 0x0000000089b00000| Complete 

Card table byte_map: [0x000002e573be0000,0x000002e573fe0000] _byte_map_base: 0x000002e5737d2000

Marking Bits (Prev, Next): (CMBitMap*) 0x000002e5692fcf50, (CMBitMap*) 0x000002e5692fcf18
 Prev Bits: [0x000002e576370000, 0x000002e578300000)
 Next Bits: [0x000002e5743e0000, 0x000002e576370000)

Polling page: 0x000002e569390000

Metaspace:

Usage:
  Non-class:      8.32 MB capacity,     8.21 MB ( 99%) used,    79.09 KB ( <1%) free+waste,    27.50 KB ( <1%) overhead. 
      Class:      1.06 MB capacity,   912.68 KB ( 84%) used,   156.82 KB ( 14%) free+waste,    16.50 KB (  2%) overhead. 
       Both:      9.38 MB capacity,     9.10 MB ( 97%) used,   235.91 KB (  2%) free+waste,    44.00 KB ( <1%) overhead. 

Virtual space:
  Non-class space:       18.00 MB reserved,       8.50 MB ( 47%) committed 
      Class space:        1.00 GB reserved,       1.13 MB ( <1%) committed 
             Both:        1.02 GB reserved,       9.63 MB ( <1%) committed 

Chunk freelists:
   Non-Class:  0 bytes
       Class:  2.00 KB
        Both:  2.00 KB

MaxMetaspaceSize: 17179869184.00 GB
CompressedClassSpaceSize: 1.00 GB
Initial GC threshold: 20.80 MB
Current GC threshold: 21.12 MB
CDS: off

CodeHeap 'non-profiled nmethods': size=120064Kb used=168Kb max_used=168Kb free=119895Kb
 bounds [0x000002e507ac0000, 0x000002e507d30000, 0x000002e50f000000]
CodeHeap 'profiled nmethods': size=120000Kb used=913Kb max_used=913Kb free=119086Kb
 bounds [0x000002e500590000, 0x000002e500800000, 0x000002e507ac0000]
CodeHeap 'non-nmethods': size=5696Kb used=1154Kb max_used=1165Kb free=4542Kb
 bounds [0x000002e500000000, 0x000002e500270000, 0x000002e500590000]
 total_blobs=973 nmethods=558 adapters=328
 compilation: enabled
              stopped_count=0, restarted_count=0
 full_count=0

Compilation events (20 events):
Event: 0.297 Thread 0x000002e57b31a000 nmethod 492 0x000002e507ae8390 code [0x000002e507ae8520, 0x000002e507ae8578]
Event: 0.297 Thread 0x000002e57b31a000  475       4       jdk.internal.org.objectweb.asm.ByteVector::putShort (52 bytes)
Event: 0.298 Thread 0x000002e57b317000  525       3       java.lang.invoke.BoundMethodHandle::<init> (32 bytes)
Event: 0.298 Thread 0x000002e57b317000 nmethod 525 0x000002e500656190 code [0x000002e500656340, 0x000002e500656488]
Event: 0.298 Thread 0x000002e57b317000  526       3       java.lang.invoke.MethodTypeForm::cachedLambdaForm (44 bytes)
Event: 0.299 Thread 0x000002e57b31a000 nmethod 475 0x000002e507ae8990 code [0x000002e507ae8b40, 0x000002e507ae8cc8]
Event: 0.299 Thread 0x000002e57b31a000  518       4       jdk.internal.org.objectweb.asm.Frame::execute (2264 bytes)
Event: 0.299 Thread 0x000002e57b317000 nmethod 526 0x000002e500656510 code [0x000002e5006566e0, 0x000002e500656a28]
Event: 0.299 Thread 0x000002e57b317000  529       3       java.lang.reflect.Modifier::isPublic (12 bytes)
Event: 0.299 Thread 0x000002e57b317000 nmethod 529 0x000002e500656b10 code [0x000002e500656cc0, 0x000002e500656df8]
Event: 0.299 Thread 0x000002e57b317000  530       3       sun.invoke.util.VerifyAccess::isSamePackage (32 bytes)
Event: 0.301 Thread 0x000002e57b317000 nmethod 530 0x000002e500656e90 code [0x000002e5006571a0, 0x000002e500658488]
Event: 0.301 Thread 0x000002e57b317000  531       3       java.lang.ref.SoftReference::get (29 bytes)
Event: 0.301 Thread 0x000002e57b317000 nmethod 531 0x000002e500658a10 code [0x000002e500658bc0, 0x000002e500658d98]
Event: 0.301 Thread 0x000002e57b317000  532       3       jdk.internal.org.objectweb.asm.MethodWriter::visitLabel (321 bytes)
Event: 0.301 Thread 0x000002e57b317000 nmethod 532 0x000002e500658e10 code [0x000002e500659060, 0x000002e500659ca8]
Event: 0.302 Thread 0x000002e57b317000  533       3       jdk.internal.org.objectweb.asm.MethodWriter::noSuccessor (95 bytes)
Event: 0.302 Thread 0x000002e57b317000 nmethod 533 0x000002e500659f90 code [0x000002e50065a1a0, 0x000002e50065a7a8]
Event: 0.302 Thread 0x000002e57b317000  534       3       java.lang.invoke.ClassSpecializer$SpeciesData::fieldCount (10 bytes)
Event: 0.302 Thread 0x000002e57b317000 nmethod 534 0x000002e50065a990 code [0x000002e50065ab40, 0x000002e50065ad08]

GC Heap History (0 events):
No events

Deoptimization events (4 events):
Event: 0.088 Thread 0x000002e5692bc800 Uncommon trap: trap_request=0xffffff4d fr.pc=0x000002e507ac49a0 relative=0x0000000000000180
Event: 0.088 Thread 0x000002e5692bc800 Uncommon trap: reason=unstable_if action=reinterpret pc=0x000002e507ac49a0 method=java.lang.String.hashCode()I @ 14 c2
Event: 0.088 Thread 0x000002e5692bc800 DEOPT PACKING pc=0x000002e507ac49a0 sp=0x000000eb883fd5d0
Event: 0.088 Thread 0x000002e5692bc800 DEOPT UNPACKING pc=0x000002e50004a1af sp=0x000000eb883fd568 mode 2

Classes redefined (0 events):
No events

Internal exceptions (15 events):
Event: 0.137 Thread 0x000002e5692bc800 Exception <a 'java/lang/ClassNotFoundException'{0x0000000089a45b48}: sun/awt/resources/spi/awtProvider> (0x0000000089a45b48) thrown at [./src/hotspot/share/classfile/systemDictionary.cpp, line 230]
Event: 0.178 Thread 0x000002e5692bc800 Exception <a 'java/io/FileNotFoundException'{0x0000000089adfbe0}> (0x0000000089adfbe0) thrown at [./src/hotspot/share/prims/jni.cpp, line 616]
Event: 0.190 Thread 0x000002e5692bc800 Exception <a 'java/lang/NoSuchMethodError'{0x000000008993adf0}: 'java.lang.Object java.lang.invoke.DirectMethodHandle$Holder.invokeStatic(java.lang.Object, java.lang.Object, java.lang.Object, java.lang.Object, java.lang.Object, java.lang.Object, java.lang.Object, java.lang.Object, java.lang.Object, java.lang.Object, java.lang.Object, java.lang.Object, java.lang.Object, java.lang.Object, java.lang.Object)'> (0x000000008993adf0) thrown at [./src/hotspot/share/interpreter/linkResolver.cpp, line 773]
Event: 0.192 Thread 0x000002e5692bc800 Exception <a 'java/lang/NoSuchMethodError'{0x0000000089948db8}: 'java.lang.Object java.lang.invoke.DirectMethodHandle$Holder.invokeStatic(java.lang.Object, java.lang.Object, java.lang.Object, java.lang.Object, java.lang.Object, java.lang.Object, java.lang.Object, java.lang.Object, java.lang.Object, java.lang.Object, java.lang.Object, java.lang.Object, java.lang.Object, java.lang.Object, java.lang.Object, java.lang.Object)'> (0x0000000089948db8) thrown at [./src/hotspot/share/interpreter/linkResolver.cpp, l
Event: 0.194 Thread 0x000002e5692bc800 Exception <a 'java/lang/NoSuchMethodError'{0x0000000089956a28}: 'java.lang.Object java.lang.invoke.DirectMethodHandle$Holder.invokeSpecial(java.lang.Object, java.lang.Object, int, int, java.lang.Object, java.lang.Object, java.lang.Object)'> (0x0000000089956a28) thrown at [./src/hotspot/share/interpreter/linkResolver.cpp, line 773]
Event: 0.194 Thread 0x000002e5692bc800 Exception <a 'java/lang/NoSuchMethodError'{0x0000000089959fb8}: 'java.lang.Object java.lang.invoke.DelegatingMethodHandle$Holder.reinvoke_L(java.lang.Object, int, int, java.lang.Object, java.lang.Object, java.lang.Object)'> (0x0000000089959fb8) thrown at [./src/hotspot/share/interpreter/linkResolver.cpp, line 773]
Event: 0.195 Thread 0x000002e5692bc800 Exception <a 'java/lang/NoSuchMethodError'{0x000000008995e098}: 'java.lang.Object java.lang.invoke.DirectMethodHandle$Holder.invokeStatic(java.lang.Object, java.lang.Object, java.lang.Object, java.lang.Object, int)'> (0x000000008995e098) thrown at [./src/hotspot/share/interpreter/linkResolver.cpp, line 773]
Event: 0.205 Thread 0x000002e5692bc800 Exception <a 'java/io/FileNotFoundException'{0x00000000899c10a0}> (0x00000000899c10a0) thrown at [./src/hotspot/share/prims/jni.cpp, line 616]
Event: 0.255 Thread 0x000002e57b7c0800 Exception <a 'java/lang/NoSuchMethodError'{0x0000000089895048}: 'void java.lang.invoke.DirectMethodHandle$Holder.invokeSpecial(java.lang.Object, java.lang.Object)'> (0x0000000089895048) thrown at [./src/hotspot/share/interpreter/linkResolver.cpp, line 773]
Event: 0.259 Thread 0x000002e5692bc800 Exception <a 'java/lang/NoSuchMethodError'{0x000000008988f138}: 'java.lang.Object java.lang.invoke.DirectMethodHandle$Holder.invokeStatic(java.lang.Object, java.lang.Object, java.lang.Object, java.lang.Object, java.lang.Object, java.lang.Object, java.lang.Object, java.lang.Object, int)'> (0x000000008988f138) thrown at [./src/hotspot/share/interpreter/linkResolver.cpp, line 773]
Event: 0.261 Thread 0x000002e5692bc800 Exception <a 'java/lang/NoSuchMethodError'{0x00000000898f1390}: 'java.lang.Object java.lang.invoke.DirectMethodHandle$Holder.invokeStatic(java.lang.Object, java.lang.Object, java.lang.Object, java.lang.Object, java.lang.Object, java.lang.Object, java.lang.Object, java.lang.Object, int, int)'> (0x00000000898f1390) thrown at [./src/hotspot/share/interpreter/linkResolver.cpp, line 773]
Event: 0.295 Thread 0x000002e5692bc800 Exception <a 'java/lang/NoSuchMethodError'{0x00000000897de090}: 'java.lang.Object java.lang.invoke.DirectMethodHandle$Holder.invokeStatic(java.lang.Object, int, java.lang.Object, java.lang.Object, java.lang.Object, java.lang.Object)'> (0x00000000897de090) thrown at [./src/hotspot/share/interpreter/linkResolver.cpp, line 773]
Event: 0.296 Thread 0x000002e5692bc800 Exception <a 'java/lang/NoSuchMethodError'{0x00000000897e4ea8}: 'java.lang.Object java.lang.invoke.DirectMethodHandle$Holder.invokeStatic(java.lang.Object, int, java.lang.Object, java.lang.Object, java.lang.Object)'> (0x00000000897e4ea8) thrown at [./src/hotspot/share/interpreter/linkResolver.cpp, line 773]
Event: 0.296 Thread 0x000002e5692bc800 Exception <a 'java/lang/NoSuchMethodError'{0x00000000897e89f0}: 'java.lang.Object java.lang.invoke.DirectMethodHandle$Holder.invokeSpecial(java.lang.Object, java.lang.Object, int, java.lang.Object, java.lang.Object, java.lang.Object)'> (0x00000000897e89f0) thrown at [./src/hotspot/share/interpreter/linkResolver.cpp, line 773]
Event: 0.299 Thread 0x000002e5692bc800 Exception <a 'java/lang/NoSuchMethodError'{0x0000000089600530}: 'java.lang.Object java.lang.invoke.DirectMethodHandle$Holder.invokeStatic(java.lang.Object, int, java.lang.Object)'> (0x0000000089600530) thrown at [./src/hotspot/share/interpreter/linkResolver.cpp, line 773]

Events (20 events):
Event: 0.291 loading class javax/swing/UIDefaults$LazyValue done
Event: 0.292 loading class javax/swing/UIDefaults$ActiveValue
Event: 0.292 loading class javax/swing/UIDefaults$ActiveValue done
Event: 0.292 loading class javax/swing/plaf/InsetsUIResource
Event: 0.292 loading class javax/swing/plaf/InsetsUIResource done
Event: 0.294 loading class javax/swing/plaf/BorderUIResource$EmptyBorderUIResource
Event: 0.294 loading class javax/swing/border/EmptyBorder
Event: 0.294 loading class javax/swing/border/AbstractBorder
Event: 0.294 loading class javax/swing/border/Border
Event: 0.294 loading class javax/swing/border/Border done
Event: 0.294 loading class javax/swing/border/AbstractBorder done
Event: 0.294 loading class javax/swing/border/EmptyBorder done
Event: 0.294 loading class javax/swing/plaf/BorderUIResource$EmptyBorderUIResource done
Event: 0.297 loading class javax/swing/plaf/basic/BasicLookAndFeel$2
Event: 0.297 loading class javax/swing/plaf/basic/BasicLookAndFeel$2 done
Event: 0.297 Thread 0x000002e57b31a000 Thread added: 0x000002e57b31a000
Event: 0.298 loading class javax/swing/plaf/DimensionUIResource
Event: 0.298 loading class javax/swing/plaf/DimensionUIResource done
Event: 0.301 loading class javax/swing/UIDefaults$LazyInputMap
Event: 0.301 loading class javax/swing/UIDefaults$LazyInputMap done


Dynamic libraries:
0x00007ff6322c0000 - 0x00007ff6322e0000 	C:\Program Files\openJDK\openJDK 11\bin\java.exe
0x00007ffe735a0000 - 0x00007ffe73790000 	C:\WINDOWS\SYSTEM32\ntdll.dll
0x00007ffe731e0000 - 0x00007ffe73292000 	C:\WINDOWS\System32\KERNEL32.DLL
0x00007ffe70c20000 - 0x00007ffe70ec5000 	C:\WINDOWS\System32\KERNELBASE.dll
0x00007ffe70a60000 - 0x00007ffe70b5a000 	C:\WINDOWS\System32\ucrtbase.dll
0x00007ffe63880000 - 0x00007ffe63895000 	C:\Program Files\openJDK\openJDK 11\bin\VCRUNTIME140.dll
0x00007ffe62ee0000 - 0x00007ffe62ef7000 	C:\Program Files\openJDK\openJDK 11\bin\jli.dll
0x00007ffe71ed0000 - 0x00007ffe72064000 	C:\WINDOWS\System32\USER32.dll
0x00007ffe70b60000 - 0x00007ffe70b81000 	C:\WINDOWS\System32\win32u.dll
0x00007ffe5ff40000 - 0x00007ffe601c4000 	C:\WINDOWS\WinSxS\amd64_microsoft.windows.common-controls_6595b64144ccf1df_6.0.18362.1556_none_9e7e372fe45e41d5\COMCTL32.dll
0x00007ffe731b0000 - 0x00007ffe731d6000 	C:\WINDOWS\System32\GDI32.dll
0x00007ffe71b50000 - 0x00007ffe71bee000 	C:\WINDOWS\System32\msvcrt.dll
0x00007ffe70540000 - 0x00007ffe706d8000 	C:\WINDOWS\System32\gdi32full.dll
0x00007ffe71810000 - 0x00007ffe71b46000 	C:\WINDOWS\System32\combase.dll
0x00007ffe709c0000 - 0x00007ffe70a5e000 	C:\WINDOWS\System32\msvcp_win.dll
0x00007ffe72860000 - 0x00007ffe7297f000 	C:\WINDOWS\System32\RPCRT4.dll
0x00007ffe70b90000 - 0x00007ffe70c11000 	C:\WINDOWS\System32\bcryptPrimitives.dll
0x00007ffe71d90000 - 0x00007ffe71dbe000 	C:\WINDOWS\System32\IMM32.DLL
0x00007ffe30a50000 - 0x00007ffe30aeb000 	C:\Program Files\openJDK\openJDK 11\bin\msvcp140.dll
0x00007ffe2ee60000 - 0x00007ffe2f9e1000 	C:\Program Files\openJDK\openJDK 11\bin\server\jvm.dll
0x00007ffe71c10000 - 0x00007ffe71cb3000 	C:\WINDOWS\System32\ADVAPI32.dll
0x00007ffe71dd0000 - 0x00007ffe71e67000 	C:\WINDOWS\System32\sechost.dll
0x00007ffe71dc0000 - 0x00007ffe71dc8000 	C:\WINDOWS\System32\PSAPI.DLL
0x00007ffe6d0e0000 - 0x00007ffe6d104000 	C:\WINDOWS\SYSTEM32\WINMM.dll
0x00007ffe678d0000 - 0x00007ffe678da000 	C:\WINDOWS\SYSTEM32\VERSION.dll
0x00007ffe67e60000 - 0x00007ffe67e69000 	C:\WINDOWS\SYSTEM32\WSOCK32.dll
0x00007ffe72630000 - 0x00007ffe7269f000 	C:\WINDOWS\System32\WS2_32.dll
0x00007ffe6d0b0000 - 0x00007ffe6d0dd000 	C:\WINDOWS\SYSTEM32\winmmbase.dll
0x00007ffe70860000 - 0x00007ffe708aa000 	C:\WINDOWS\System32\cfgmgr32.dll
0x00007ffe704d0000 - 0x00007ffe704e1000 	C:\WINDOWS\System32\kernel.appcore.dll
0x00007ffe67e50000 - 0x00007ffe67e60000 	C:\Program Files\openJDK\openJDK 11\bin\verify.dll
0x00007ffe5afb0000 - 0x00007ffe5b1a4000 	C:\WINDOWS\SYSTEM32\DBGHELP.DLL
0x00007ffe5af80000 - 0x00007ffe5afaa000 	C:\WINDOWS\SYSTEM32\dbgcore.DLL
0x00007ffe5ed60000 - 0x00007ffe5ed88000 	C:\Program Files\openJDK\openJDK 11\bin\java.dll
0x00007ffe62ed0000 - 0x00007ffe62eda000 	C:\Program Files\openJDK\openJDK 11\bin\jimage.dll
0x00007ffe5d380000 - 0x00007ffe5d398000 	C:\Program Files\openJDK\openJDK 11\bin\zip.dll
0x00007ffe72ac0000 - 0x00007ffe731a7000 	C:\WINDOWS\System32\SHELL32.dll
0x00007ffe732a0000 - 0x00007ffe73348000 	C:\WINDOWS\System32\shcore.dll
0x00007ffe70ed0000 - 0x00007ffe7164b000 	C:\WINDOWS\System32\windows.storage.dll
0x00007ffe704f0000 - 0x00007ffe7050e000 	C:\WINDOWS\System32\profapi.dll
0x00007ffe70460000 - 0x00007ffe704aa000 	C:\WINDOWS\System32\powrprof.dll
0x00007ffe70450000 - 0x00007ffe70460000 	C:\WINDOWS\System32\UMPDC.dll
0x00007ffe71e70000 - 0x00007ffe71ec2000 	C:\WINDOWS\System32\shlwapi.dll
0x00007ffe706e0000 - 0x00007ffe706f7000 	C:\WINDOWS\System32\cryptsp.dll
0x00007ffe2e8c0000 - 0x00007ffe2ea6c000 	C:\Program Files\openJDK\openJDK 11\bin\awt.dll
0x00007ffe71cc0000 - 0x00007ffe71d85000 	C:\WINDOWS\System32\OLEAUT32.dll
0x00007ffe6e5d0000 - 0x00007ffe6e65f000 	C:\WINDOWS\SYSTEM32\apphelp.dll
0x00007ffe6e790000 - 0x00007ffe6e829000 	C:\WINDOWS\system32\uxtheme.dll
0x00007ffe73350000 - 0x00007ffe73485000 	C:\WINDOWS\System32\MSCTF.dll
0x00007ffe716b0000 - 0x00007ffe71807000 	C:\WINDOWS\System32\ole32.dll

dbghelp: loaded successfully - version: 4.0.5 - missing functions: none
symbol engine: initialized successfully - sym options: 0x614 - pdb path: (cannot be retrieved)

VM Arguments:
java_command: tiktoktac
java_class_path (initial): G:\Kurs 12-IF1-Informatik-eA\Artur und Ahmad\InformatikLK\target\classes
Launcher Type: SUN_STANDARD

[Global flags]
     intx CICompilerCount                          = 3                                         {product} {ergonomic}
     uint ConcGCThreads                            = 1                                         {product} {ergonomic}
     uint G1ConcRefinementThreads                  = 4                                         {product} {ergonomic}
   size_t G1HeapRegionSize                         = 1048576                                   {product} {ergonomic}
    uintx GCDrainStackTargetSize                   = 64                                        {product} {ergonomic}
   size_t InitialHeapSize                          = 134217728                                 {product} {ergonomic}
   size_t MarkStackSize                            = 4194304                                   {product} {ergonomic}
   size_t MaxHeapSize                              = 2118123520                                {product} {ergonomic}
   size_t MaxNewSize                               = 1270874112                                {product} {ergonomic}
   size_t MinHeapDeltaBytes                        = 1048576                                   {product} {ergonomic}
    uintx NonNMethodCodeHeapSize                   = 5830732                                {pd product} {ergonomic}
    uintx NonProfiledCodeHeapSize                  = 122913754                              {pd product} {ergonomic}
    uintx ProfiledCodeHeapSize                     = 122913754                              {pd product} {ergonomic}
    uintx ReservedCodeCacheSize                    = 251658240                              {pd product} {ergonomic}
     bool SegmentedCodeCache                       = true                                      {product} {ergonomic}
     bool UseCompressedClassPointers               = true                                 {lp64_product} {ergonomic}
     bool UseCompressedOops                        = true                                 {lp64_product} {ergonomic}
     bool UseG1GC                                  = true                                      {product} {ergonomic}
     bool UseLargePagesIndividualAllocation        = false                                  {pd product} {ergonomic}

Logging:
Log output configuration:
 #0: stdout all=warning uptime,level,tags
 #1: stderr all=off uptime,level,tags

Environment Variables:
JAVA_HOME=C:\Program Files\openJDK\openJDK 11
JRE_HOME=C:\Program Files\Java\jre1.8\
PATH=C:\Rubyx64\bin;C:\Ruby23\bin;C:\Windows\system32;C:\Windows;C:\Windows\System32\Wbem;C:\Windows\System32\WindowsPowerShell\v1.0\;C:\Windows\System32\OpenSSH\;C:\Windows\Microsoft.NET\Framework\v4.0.30319;C:\Program Files (x86)\QT Lite\QTSystem;c:\Program Files (x86)\openJDK\openJDK1.8\bin;c:\Program Files (x86)\openJDK\openJDK1.8\jre\bin;C:\Windows\system32\config\systemprofile\AppData\Local\Microsoft\WindowsApps;C:\Program Files\Java\jre1.8\bin;C:\Program Files (x86)\IVI Foundation\VISA\WinNT\Bin;C:\Program Files (x86)\Windows Live\Shared;C:\WINDOWS\system32;C:\WINDOWS;C:\WINDOWS\System32\Wbem;C:\WINDOWS\System32\WindowsPowerShell\v1.0\;C:\WINDOWS\System32\OpenSSH\;c:\Program Files\openJDK\openJDK1.8\bin;c:\Program Files\openJDK\openJDK1.8\jre\bin;c:\Program Files\openJDK\openJDK 11\bin;C:\Program Files\Microsoft VS Code\bin;C:\Users\artur.wischegorzev\AppData\Local\Microsoft\WindowsApps;
USERNAME=artur.wischegorzev
OS=Windows_NT
PROCESSOR_IDENTIFIER=Intel64 Family 6 Model 58 Stepping 9, GenuineIntel



---------------  S Y S T E M  ---------------

OS: Windows 10 , 64 bit Build 18362 (10.0.18362.1500)
OS uptime: 0 days 1:09 hours

CPU:total 4 (initial active 4) (4 cores per cpu, 1 threads per core) family 6 model 58 stepping 9 microcode 0x20, cmov, cx8, fxsr, mmx, sse, sse2, sse3, ssse3, sse4.1, sse4.2, popcnt, avx, aes, clmul, erms, tsc, tscinvbit, tscinv

Memory: 4k page, system-wide physical 8078M (2282M free)
TotalPageFile size 9475M (AvailPageFile size 1M)
current process WorkingSet (physical memory assigned to process): 51M, peak: 51M
current process commit charge ("private bytes"): 207M, peak: 207M

vm_info: OpenJDK 64-Bit Server VM (11.0.14+9-LTS) for windows-amd64 JRE (11.0.14+9-LTS), built on Jan 28 2022 13:56:43 by "" with unknown MS VC++:1916

END.
