#
# There is insufficient memory for the Java Runtime Environment to continue.
# Native memory allocation (mmap) failed to map 134217728 bytes for Failed to commit area from 0x0000000081c00000 to 0x0000000089c00000 of length 134217728.
# Possible reasons:
#   The system is out of physical RAM or swap space
#   The process is running with CompressedOops enabled, and the Java Heap may be blocking the growth of the native heap
# Possible solutions:
#   Reduce memory load on the system
#   Increase physical memory or swap space
#   Check if swap backing store is full
#   Decrease Java heap size (-Xmx/-Xms)
#   Decrease number of Java threads
#   Decrease Java thread stack sizes (-Xss)
#   Set larger code cache with -XX:ReservedCodeCacheSize=
# This output file may be truncated or incomplete.
#
#  Out of Memory Error (./src/hotspot/os/windows/os_windows.cpp:3387), pid=10316, tid=5160
#
# JRE version:  (11.0.14+9) (build )
# Java VM: OpenJDK 64-Bit Server VM (11.0.14+9-LTS, mixed mode, sharing, tiered, compressed oops, g1 gc, windows-amd64)
# No core dump will be written. Minidumps are not enabled by default on client versions of Windows
#

---------------  S U M M A R Y ------------

Command Line: -Dclassworlds.conf=C:\Program Files\NetBeans-12.6\netbeans\java\maven\bin\..\bin\m2.conf -Dmaven.home=C:\Program Files\NetBeans-12.6\netbeans\java\maven\bin\.. -Dlibrary.jansi.path=C:\Program Files\NetBeans-12.6\netbeans\java\maven\bin\..\lib\jansi-native -Dmaven.multiModuleProjectDirectory=G:\Kurs 12-IF1-Informatik-eA\Artur und Ahmad\InformatikLK org.codehaus.plexus.classworlds.launcher.Launcher -Dexec.vmArgs= -Dexec.args=${exec.vmArgs} -classpath %classpath ${exec.mainClass} ${exec.appArgs} -Dexec.executable=C:\Program Files\openJDK\openJDK 11\bin\java.exe -Dexec.mainClass=tiktoktac -Dexec.classpathScope=runtime -Dexec.appArgs= -Dmaven.ext.class.path=C:\Program Files\NetBeans-12.6\netbeans\java\maven-nblib\netbeans-eventspy.jar -Dfile.encoding=UTF-8 org.codehaus.mojo:exec-maven-plugin:3.0.0:exec

Host: Intel(R) Core(TM) i5-3470S CPU @ 2.90GHz, 4 cores, 7G,  Windows 10 , 64 bit Build 18362 (10.0.18362.1500)
Time: Wed Sep  6 10:59:17 2023 Mitteleuropäische Sommerzeit elapsed time: 0.013760 seconds (0d 0h 0m 0s)

---------------  T H R E A D  ---------------

Current thread (0x0000025b661b0800):  JavaThread "Unknown thread" [_thread_in_vm, id=5160, stack(0x0000006407e00000,0x0000006407f00000)]

Stack: [0x0000006407e00000,0x0000006407f00000]
Native frames: (J=compiled Java code, j=interpreted, Vv=VM code, C=native code)
V  [jvm.dll+0x61e57a]
V  [jvm.dll+0x7aac49]
V  [jvm.dll+0x7ac338]
V  [jvm.dll+0x7aca13]
V  [jvm.dll+0x24f9b8]
V  [jvm.dll+0x61b81a]
V  [jvm.dll+0x6100a5]
V  [jvm.dll+0x30770c]
V  [jvm.dll+0x307592]
V  [jvm.dll+0x30c2b6]
V  [jvm.dll+0x35270f]
V  [jvm.dll+0x352140]
V  [jvm.dll+0x2e4708]
V  [jvm.dll+0x2e5866]
V  [jvm.dll+0x784ae7]
V  [jvm.dll+0x78626f]
V  [jvm.dll+0x35f459]
V  [jvm.dll+0x767a80]
V  [jvm.dll+0x3cceff]
V  [jvm.dll+0x3cf291]
C  [jli.dll+0x5207]
C  [ucrtbase.dll+0x210b2]
C  [KERNEL32.DLL+0x17c24]
C  [ntdll.dll+0x6d721]


---------------  P R O C E S S  ---------------

Threads class SMR info:
_java_thread_list=0x0000025b6410b880, length=0, elements={
}

Java Threads: ( => current thread )

Other Threads:
  0x0000025b661ca000 GCTaskThread "GC Thread#0" [stack: 0x0000006407f00000,0x0000006408000000] [id=2336]
  0x0000025b661f9800 ConcurrentGCThread "G1 Main Marker" [stack: 0x0000006408000000,0x0000006408100000] [id=8872]
  0x0000025b661fb000 ConcurrentGCThread "G1 Conc#0" [stack: 0x0000006408100000,0x0000006408200000] [id=1740]

[error occurred during error reporting (printing all threads), id 0xc0000005, EXCEPTION_ACCESS_VIOLATION (0xc0000005) at pc=0x00007ffe2f153ed7]

VM state:not at safepoint (not fully initialized)

VM Mutex/Monitor currently owned by a thread:  ([mutex/lock_event])
[0x0000025b661ac790] Heap_lock - owner thread: 0x0000025b661b0800

Heap address: 0x0000000081c00000, size: 2020 MB, Compressed Oops mode: Non-zero based: 0x0000000081c00000
Narrow klass base: 0x0000000000000000, Narrow klass shift: 0

GC Heap History (0 events):
No events

Deoptimization events (0 events):
No events

Classes redefined (0 events):
No events

Internal exceptions (0 events):
No events

Events (1 events):
Event: 0.006 Loaded shared library C:\Program Files\openJDK\openJDK 11\bin\zip.dll


Dynamic libraries:
0x00007ff6322c0000 - 0x00007ff6322e0000 	C:\Program Files\openJDK\openJDK 11\bin\java.exe
0x00007ffe735a0000 - 0x00007ffe73790000 	C:\WINDOWS\SYSTEM32\ntdll.dll
0x00007ffe731e0000 - 0x00007ffe73292000 	C:\WINDOWS\System32\KERNEL32.DLL
0x00007ffe70c20000 - 0x00007ffe70ec5000 	C:\WINDOWS\System32\KERNELBASE.dll
0x00007ffe70a60000 - 0x00007ffe70b5a000 	C:\WINDOWS\System32\ucrtbase.dll
0x00007ffe63880000 - 0x00007ffe63895000 	C:\Program Files\openJDK\openJDK 11\bin\VCRUNTIME140.dll
0x00007ffe62ee0000 - 0x00007ffe62ef7000 	C:\Program Files\openJDK\openJDK 11\bin\jli.dll
0x00007ffe71ed0000 - 0x00007ffe72064000 	C:\WINDOWS\System32\USER32.dll
0x00007ffe70b60000 - 0x00007ffe70b81000 	C:\WINDOWS\System32\win32u.dll
0x00007ffe731b0000 - 0x00007ffe731d6000 	C:\WINDOWS\System32\GDI32.dll
0x00007ffe5ff40000 - 0x00007ffe601c4000 	C:\WINDOWS\WinSxS\amd64_microsoft.windows.common-controls_6595b64144ccf1df_6.0.18362.1556_none_9e7e372fe45e41d5\COMCTL32.dll
0x00007ffe70540000 - 0x00007ffe706d8000 	C:\WINDOWS\System32\gdi32full.dll
0x00007ffe71b50000 - 0x00007ffe71bee000 	C:\WINDOWS\System32\msvcrt.dll
0x00007ffe709c0000 - 0x00007ffe70a5e000 	C:\WINDOWS\System32\msvcp_win.dll
0x00007ffe71810000 - 0x00007ffe71b46000 	C:\WINDOWS\System32\combase.dll
0x00007ffe72860000 - 0x00007ffe7297f000 	C:\WINDOWS\System32\RPCRT4.dll
0x00007ffe70b90000 - 0x00007ffe70c11000 	C:\WINDOWS\System32\bcryptPrimitives.dll
0x00007ffe71d90000 - 0x00007ffe71dbe000 	C:\WINDOWS\System32\IMM32.DLL
0x00007ffe30a50000 - 0x00007ffe30aeb000 	C:\Program Files\openJDK\openJDK 11\bin\msvcp140.dll
0x00007ffe2ee60000 - 0x00007ffe2f9e1000 	C:\Program Files\openJDK\openJDK 11\bin\server\jvm.dll
0x00007ffe71c10000 - 0x00007ffe71cb3000 	C:\WINDOWS\System32\ADVAPI32.dll
0x00007ffe71dd0000 - 0x00007ffe71e67000 	C:\WINDOWS\System32\sechost.dll
0x00007ffe71dc0000 - 0x00007ffe71dc8000 	C:\WINDOWS\System32\PSAPI.DLL
0x00007ffe67e60000 - 0x00007ffe67e69000 	C:\WINDOWS\SYSTEM32\WSOCK32.dll
0x00007ffe6d0e0000 - 0x00007ffe6d104000 	C:\WINDOWS\SYSTEM32\WINMM.dll
0x00007ffe678d0000 - 0x00007ffe678da000 	C:\WINDOWS\SYSTEM32\VERSION.dll
0x00007ffe72630000 - 0x00007ffe7269f000 	C:\WINDOWS\System32\WS2_32.dll
0x00007ffe6d0b0000 - 0x00007ffe6d0dd000 	C:\WINDOWS\SYSTEM32\winmmbase.dll
0x00007ffe70860000 - 0x00007ffe708aa000 	C:\WINDOWS\System32\cfgmgr32.dll
0x00007ffe704d0000 - 0x00007ffe704e1000 	C:\WINDOWS\System32\kernel.appcore.dll
0x00007ffe67e50000 - 0x00007ffe67e60000 	C:\Program Files\openJDK\openJDK 11\bin\verify.dll
0x00007ffe5afb0000 - 0x00007ffe5b1a4000 	C:\WINDOWS\SYSTEM32\DBGHELP.DLL
0x00007ffe5af80000 - 0x00007ffe5afaa000 	C:\WINDOWS\SYSTEM32\dbgcore.DLL
0x00007ffe5ed60000 - 0x00007ffe5ed88000 	C:\Program Files\openJDK\openJDK 11\bin\java.dll
0x00007ffe62ed0000 - 0x00007ffe62eda000 	C:\Program Files\openJDK\openJDK 11\bin\jimage.dll
0x00007ffe5d380000 - 0x00007ffe5d398000 	C:\Program Files\openJDK\openJDK 11\bin\zip.dll

dbghelp: loaded successfully - version: 4.0.5 - missing functions: none
symbol engine: initialized successfully - sym options: 0x614 - pdb path: .;C:\Program Files\openJDK\openJDK 11\bin;C:\WINDOWS\SYSTEM32;C:\WINDOWS\WinSxS\amd64_microsoft.windows.common-controls_6595b64144ccf1df_6.0.18362.1556_none_9e7e372fe45e41d5;C:\Program Files\openJDK\openJDK 11\bin\server

VM Arguments:
jvm_args: -Dclassworlds.conf=C:\Program Files\NetBeans-12.6\netbeans\java\maven\bin\..\bin\m2.conf -Dmaven.home=C:\Program Files\NetBeans-12.6\netbeans\java\maven\bin\.. -Dlibrary.jansi.path=C:\Program Files\NetBeans-12.6\netbeans\java\maven\bin\..\lib\jansi-native -Dmaven.multiModuleProjectDirectory=G:\Kurs 12-IF1-Informatik-eA\Artur und Ahmad\InformatikLK 
java_command: org.codehaus.plexus.classworlds.launcher.Launcher -Dexec.vmArgs= -Dexec.args=${exec.vmArgs} -classpath %classpath ${exec.mainClass} ${exec.appArgs} -Dexec.executable=C:\Program Files\openJDK\openJDK 11\bin\java.exe -Dexec.mainClass=tiktoktac -Dexec.classpathScope=runtime -Dexec.appArgs= -Dmaven.ext.class.path=C:\Program Files\NetBeans-12.6\netbeans\java\maven-nblib\netbeans-eventspy.jar -Dfile.encoding=UTF-8 org.codehaus.mojo:exec-maven-plugin:3.0.0:exec
java_class_path (initial): C:\Program Files\NetBeans-12.6\netbeans\java\maven\bin\..\boot\plexus-classworlds-2.6.0.jar
Launcher Type: SUN_STANDARD

[Global flags]
     intx CICompilerCount                          = 3                                         {product} {ergonomic}
     uint ConcGCThreads                            = 1                                         {product} {ergonomic}
     uint G1ConcRefinementThreads                  = 4                                         {product} {ergonomic}
   size_t G1HeapRegionSize                         = 1048576                                   {product} {ergonomic}
    uintx GCDrainStackTargetSize                   = 64                                        {product} {ergonomic}
   size_t InitialHeapSize                          = 134217728                                 {product} {ergonomic}
   size_t MarkStackSize                            = 4194304                                   {product} {ergonomic}
   size_t MaxHeapSize                              = 2118123520                                {product} {ergonomic}
   size_t MinHeapDeltaBytes                        = 1048576                                   {product} {ergonomic}
    uintx NonNMethodCodeHeapSize                   = 5830732                                {pd product} {ergonomic}
    uintx NonProfiledCodeHeapSize                  = 122913754                              {pd product} {ergonomic}
    uintx ProfiledCodeHeapSize                     = 122913754                              {pd product} {ergonomic}
    uintx ReservedCodeCacheSize                    = 251658240                              {pd product} {ergonomic}
     bool SegmentedCodeCache                       = true                                      {product} {ergonomic}
     bool UseCompressedClassPointers               = true                                 {lp64_product} {ergonomic}
     bool UseCompressedOops                        = true                                 {lp64_product} {ergonomic}
     bool UseG1GC                                  = true                                      {product} {ergonomic}
     bool UseLargePagesIndividualAllocation        = false                                  {pd product} {ergonomic}

Logging:
Log output configuration:
 #0: stdout all=warning uptime,level,tags
 #1: stderr all=off uptime,level,tags

Environment Variables:
JAVA_HOME=C:\Program Files\openJDK\openJDK 11
JRE_HOME=C:\Program Files\Java\jre1.8\
PATH=C:\Rubyx64\bin;C:\Ruby23\bin;C:\Windows\system32;C:\Windows;C:\Windows\System32\Wbem;C:\Windows\System32\WindowsPowerShell\v1.0\;C:\Windows\System32\OpenSSH\;C:\Windows\Microsoft.NET\Framework\v4.0.30319;C:\Program Files (x86)\QT Lite\QTSystem;c:\Program Files (x86)\openJDK\openJDK1.8\bin;c:\Program Files (x86)\openJDK\openJDK1.8\jre\bin;C:\Windows\system32\config\systemprofile\AppData\Local\Microsoft\WindowsApps;C:\Program Files\Java\jre1.8\bin;C:\Program Files (x86)\IVI Foundation\VISA\WinNT\Bin;C:\Program Files (x86)\Windows Live\Shared;C:\WINDOWS\system32;C:\WINDOWS;C:\WINDOWS\System32\Wbem;C:\WINDOWS\System32\WindowsPowerShell\v1.0\;C:\WINDOWS\System32\OpenSSH\;c:\Program Files\openJDK\openJDK1.8\bin;c:\Program Files\openJDK\openJDK1.8\jre\bin;c:\Program Files\openJDK\openJDK 11\bin;C:\Program Files\Microsoft VS Code\bin;C:\Users\artur.wischegorzev\AppData\Local\Microsoft\WindowsApps;
USERNAME=artur.wischegorzev
OS=Windows_NT
PROCESSOR_IDENTIFIER=Intel64 Family 6 Model 58 Stepping 9, GenuineIntel



---------------  S Y S T E M  ---------------

OS: Windows 10 , 64 bit Build 18362 (10.0.18362.1500)
OS uptime: 0 days 1:16 hours

CPU:total 4 (initial active 4) (4 cores per cpu, 1 threads per core) family 6 model 58 stepping 9 microcode 0x20, cmov, cx8, fxsr, mmx, sse, sse2, sse3, ssse3, sse4.1, sse4.2, popcnt, avx, aes, clmul, erms, tsc, tscinvbit, tscinv

Memory: 4k page, system-wide physical 8078M (1902M free)
TotalPageFile size 9476M (AvailPageFile size 85M)
current process WorkingSet (physical memory assigned to process): 9M, peak: 9M
current process commit charge ("private bytes"): 51M, peak: 179M

vm_info: OpenJDK 64-Bit Server VM (11.0.14+9-LTS) for windows-amd64 JRE (11.0.14+9-LTS), built on Jan 28 2022 13:56:43 by "" with unknown MS VC++:1916

END.
